ago. 05, 2025 5:29:00 PM liquibase.changelog
INFO: Reading resource: db/changelog/migrations/db.changelog-202408191938.sql
ago. 05, 2025 5:29:00 PM liquibase.changelog
INFO: Reading resource: db/changelog/migrations/db.changelog-202408210954.sql
ago. 05, 2025 5:29:00 PM liquibase.changelog
INFO: Reading resource: db/changelog/migrations/db.changelog-202408211004.sql
ago. 05, 2025 5:29:00 PM liquibase.changelog
INFO: Reading resource: db/changelog/migrations/db.changelog-202408211005.sql
ago. 05, 2025 5:29:00 PM liquibase.changelog
INFO: Reading resource: db/changelog/migrations/db.changelog-202408281807.sql
ago. 05, 2025 5:29:00 PM liquibase.changelog
INFO: Reading from board.databasechangelog
Database is up to date, no changesets to execute
ago. 05, 2025 5:29:00 PM liquibase.changelog
INFO: Reading from board.databasechangelog

UPDATE SUMMARY
Run:                          0
Previously run:               5
Filtered out:                 0
-------------------------------
Total change sets:            5

ago. 05, 2025 5:29:00 PM liquibase.util
INFO: UPDATE SUMMARY
ago. 05, 2025 5:29:00 PM liquibase.util
INFO: Run:                          0
ago. 05, 2025 5:29:00 PM liquibase.util
INFO: Previously run:               5
ago. 05, 2025 5:29:00 PM liquibase.util
INFO: Filtered out:                 0
ago. 05, 2025 5:29:00 PM liquibase.util
INFO: -------------------------------
ago. 05, 2025 5:29:00 PM liquibase.util
INFO: Total change sets:            5
ago. 05, 2025 5:29:00 PM liquibase.util
INFO: Update summary generated
ago. 05, 2025 5:29:00 PM liquibase.lockservice
INFO: Successfully released change log lock
ago. 05, 2025 5:29:00 PM liquibase.command
INFO: Command execution complete
